<?xml version="1.0" encoding="UTF-8"?>
<!-- Generated by org.testng.reporters.JUnitXMLReporter -->
<testsuite hostname="ASUS-ROG" ignored="0" tests="31" failures="0" timestamp="2020-11-19T17:35:43 MSK" time="0.279" errors="0">
  <testcase name="CtanValueTest" time="0.222" classname="Tests"/>
  <testcase name="CtanValueTest" time="0.0" classname="Tests"/>
  <testcase name="DifferenceOfTwoValuesTest" time="0.001" classname="Tests"/>
  <testcase name="DifferenceOfTwoValuesTest" time="0.0" classname="Tests"/>
  <testcase name="DifferenceOfTwoValuesTest" time="0.0" classname="Tests"/>
  <testcase name="DifferenceOfTwoValuesTest" time="0.0" classname="Tests"/>
  <testcase name="DifferenceOfTwoValuesTest" time="0.0" classname="Tests"/>
  <testcase name="DivideByZeroTest" time="0.0" classname="Tests"/>
  <testcase name="DivisionOfTwoPositiveValuesTest" time="0.001" classname="Tests"/>
  <testcase name="DivisionOfTwoPositiveValuesTest" time="0.0" classname="Tests"/>
  <testcase name="DivisionOfTwoPositiveValuesTest" time="0.0" classname="Tests"/>
  <testcase name="DivisionOfTwoPositiveValuesTest" time="0.0" classname="Tests"/>
  <testcase name="DivisionOfTwoPositiveValuesTest" time="0.0" classname="Tests"/>
  <testcase name="ModuloOfTwoValuesTest" time="0.0" classname="Tests"/>
  <testcase name="MultiplyTwoValuesTest" time="0.0" classname="Tests"/>
  <testcase name="MultiplyTwoValuesTest" time="0.0" classname="Tests"/>
  <testcase name="MultiplyTwoValuesTest" time="0.001" classname="Tests"/>
  <testcase name="MultiplyTwoValuesTest" time="0.0" classname="Tests"/>
  <testcase name="MultiplyTwoValuesTest" time="0.0" classname="Tests"/>
  <testcase name="SinValueTest" time="0.0" classname="Tests"/>
  <testcase name="SinValueTest" time="0.0" classname="Tests"/>
  <testcase name="SquaringOfNegativeValueTest" time="0.0" classname="Tests"/>
  <testcase name="SumOfTwoValuesTest" time="0.001" classname="Tests"/>
  <testcase name="SumOfTwoValuesTest" time="0.0" classname="Tests"/>
  <testcase name="SumOfTwoValuesTest" time="0.0" classname="Tests"/>
  <testcase name="SumOfTwoValuesTest" time="0.0" classname="Tests"/>
  <testcase name="SumOfTwoValuesTest" time="0.001" classname="Tests"/>
  <testcase name="TanValueTest" time="0.0" classname="Tests"/>
  <testcase name="TanValueTest" time="0.0" classname="Tests"/>
  <testcase name="РЎosValueTest" time="0.0" classname="Tests"/>
  <testcase name="РЎosValueTest" time="0.001" classname="Tests"/>
</testsuite>
