<?xml version="1.0" encoding="UTF-8"?>
<testng-results skipped="0" failed="0" ignored="0" total="6" passed="6">
  <reporter-output>
  </reporter-output>
  <suite name="AirportTest" duration-ms="72" started-at="2020-11-17T21:59:47 MSK" finished-at="2020-11-17T21:59:47 MSK">
    <groups>
    </groups>
    <test name="Command line test" duration-ms="72" started-at="2020-11-17T21:59:47 MSK" finished-at="2020-11-17T21:59:47 MSK">
      <class name="AirportTest">
        <test-method status="PASS" signature="CorrectSortedPlanesByMaxFlightDistanceTest()[pri:0, instance:AirportTest@37374a5e]" name="CorrectSortedPlanesByMaxFlightDistanceTest" duration-ms="12" started-at="2020-11-17T21:59:47 MSK" finished-at="2020-11-17T21:59:47 MSK">
          <reporter-output>
          </reporter-output>
        </test-method> <!-- CorrectSortedPlanesByMaxFlightDistanceTest -->
        <test-method status="PASS" signature="CorrectSortedPlanesByMaxLoadCapacityTest()[pri:0, instance:AirportTest@37374a5e]" name="CorrectSortedPlanesByMaxLoadCapacityTest" duration-ms="0" started-at="2020-11-17T21:59:47 MSK" finished-at="2020-11-17T21:59:47 MSK">
          <reporter-output>
          </reporter-output>
        </test-method> <!-- CorrectSortedPlanesByMaxLoadCapacityTest -->
        <test-method status="PASS" signature="airportHasAtLeastOneBomberMilitaryPlanesTest()[pri:0, instance:AirportTest@37374a5e]" name="airportHasAtLeastOneBomberMilitaryPlanesTest" duration-ms="2" started-at="2020-11-17T21:59:47 MSK" finished-at="2020-11-17T21:59:47 MSK">
          <reporter-output>
          </reporter-output>
        </test-method> <!-- airportHasAtLeastOneBomberMilitaryPlanesTest -->
        <test-method status="PASS" signature="airportHasAtLeastOneFighterMilitaryPlanesTest()[pri:0, instance:AirportTest@37374a5e]" name="airportHasAtLeastOneFighterMilitaryPlanesTest" duration-ms="1" started-at="2020-11-17T21:59:47 MSK" finished-at="2020-11-17T21:59:47 MSK">
          <reporter-output>
          </reporter-output>
        </test-method> <!-- airportHasAtLeastOneFighterMilitaryPlanesTest -->
        <test-method status="PASS" signature="airportHasAtLeastOneTransportMilitaryPlanesTest()[pri:0, instance:AirportTest@37374a5e]" name="airportHasAtLeastOneTransportMilitaryPlanesTest" duration-ms="1" started-at="2020-11-17T21:59:47 MSK" finished-at="2020-11-17T21:59:47 MSK">
          <reporter-output>
          </reporter-output>
        </test-method> <!-- airportHasAtLeastOneTransportMilitaryPlanesTest -->
        <test-method status="PASS" signature="getPassengerPlaneWithMaxCapacityTest()[pri:0, instance:AirportTest@37374a5e]" name="getPassengerPlaneWithMaxCapacityTest" duration-ms="2" started-at="2020-11-17T21:59:47 MSK" finished-at="2020-11-17T21:59:47 MSK">
          <reporter-output>
          </reporter-output>
        </test-method> <!-- getPassengerPlaneWithMaxCapacityTest -->
      </class> <!-- AirportTest -->
    </test> <!-- Command line test -->
  </suite> <!-- AirportTest -->
</testng-results>
