<?xml version="1.0" encoding="UTF-8" ?>
<testsuite tests="6" failures="0" name="AirportTest" time="0.017" errors="0" skipped="0">
  <properties>
[...]
</properties>
  <testcase classname="AirportTest" name="CorrectSortedPlanesByMaxFlightDistanceTest" time="0.01"/>
  <testcase classname="AirportTest" name="CorrectSortedPlanesByMaxLoadCapacityTest" time="0.001"/>
  <testcase classname="AirportTest" name="airportHasAtLeastOneBomberMilitaryPlanesTest" time="0.002"/>
  <testcase classname="AirportTest" name="airportHasAtLeastOneFighterMilitaryPlanesTest" time="0.001"/>
  <testcase classname="AirportTest" name="airportHasAtLeastOneTransportMilitaryPlanesTest" time="0.001"/>
  <testcase classname="AirportTest" name="getPassengerPlaneWithMaxCapacityTest" time="0.002"/>
</testsuite>